<?xml version="1.0" encoding="UTF-8"?>
<testsuite name="com.wolt.dopc.util.DistanceCalculatorTest$InvalidCoordinates" tests="3" skipped="0" failures="0" errors="0" timestamp="2025-01-16T14:14:08" hostname="Resits-MacBook-Pro.local" time="0.006">
  <properties/>
  <testcase name="throws error for invalid latitude()" classname="com.wolt.dopc.util.DistanceCalculatorTest$InvalidCoordinates" time="0.003"/>
  <testcase name="throws error for invalid coordinates in both inputs()" classname="com.wolt.dopc.util.DistanceCalculatorTest$InvalidCoordinates" time="0.002"/>
  <testcase name="throws error for invalid longitude()" classname="com.wolt.dopc.util.DistanceCalculatorTest$InvalidCoordinates" time="0.001"/>
  <system-out><![CDATA[]]></system-out>
  <system-err><![CDATA[]]></system-err>
</testsuite>
