<?xml version="1.0" encoding="UTF-8"?>
<testsuite name="com.wolt.dopc.controller.DeliveryOrderPriceControllerTest" tests="0" skipped="0" failures="0" errors="0" timestamp="1970-01-01T00:00:00" hostname="Resits-MacBook-Pro.local" time="0.0">
  <properties/>
  <system-out><![CDATA[2025-01-16T15:14:07.765+01:00  INFO 20036 --- [DeliveryOrderPriceCalculator] [    Test worker] t.c.s.AnnotationConfigContextLoaderUtils : Could not detect default configuration classes for test class [com.wolt.dopc.controller.DeliveryOrderPriceControllerTest]: DeliveryOrderPriceControllerTest does not declare any static, non-private, non-final, nested classes annotated with @Configuration.
2025-01-16T15:14:07.799+01:00  INFO 20036 --- [DeliveryOrderPriceCalculator] [    Test worker] .b.t.c.SpringBootTestContextBootstrapper : Found @SpringBootConfiguration com.wolt.dopc.DeliveryOrderPriceCalculatorApplication for test class com.wolt.dopc.controller.DeliveryOrderPriceControllerTest
]]></system-out>
  <system-err><![CDATA[]]></system-err>
</testsuite>
