<?xml version="1.0" encoding="UTF-8"?>
<testsuite name="com.wolt.dopc.exception.GlobalExceptionHandlerTest$IllegalStateExceptionTests" tests="2" skipped="0" failures="0" errors="0" timestamp="2025-01-16T14:14:08" hostname="Resits-MacBook-Pro.local" time="0.002">
  <properties/>
  <testcase name="should handle IllegalStateException()" classname="com.wolt.dopc.exception.GlobalExceptionHandlerTest$IllegalStateExceptionTests" time="0.001"/>
  <testcase name="should handle IllegalArgumentException()" classname="com.wolt.dopc.exception.GlobalExceptionHandlerTest$IllegalStateExceptionTests" time="0.001"/>
  <system-out><![CDATA[]]></system-out>
  <system-err><![CDATA[]]></system-err>
</testsuite>
