<?xml version="1.0" encoding="UTF-8"?>
<testsuite name="HomeAssignmentServiceTest$DynamicInfoTests" tests="3" skipped="0" failures="0" errors="0" timestamp="2025-01-16T14:14:01" hostname="Resits-MacBook-Pro.local" time="1.589">
  <properties/>
  <testcase name="should return dynamic info successfully()" classname="HomeAssignmentServiceTest$DynamicInfoTests" time="1.542"/>
  <testcase name="should throw exception when dynamic info API returns 404()" classname="HomeAssignmentServiceTest$DynamicInfoTests" time="0.032"/>
  <testcase name="should throw exception when dynamic info response is invalid()" classname="HomeAssignmentServiceTest$DynamicInfoTests" time="0.015"/>
  <system-out><![CDATA[]]></system-out>
  <system-err><![CDATA[]]></system-err>
</testsuite>
