<?xml version="1.0" encoding="UTF-8"?>
<testsuite name="com.wolt.dopc.DeliveryOrderPriceCalculatorApplicationTests" tests="1" skipped="0" failures="0" errors="0" timestamp="2025-01-16T14:14:04" hostname="Resits-MacBook-Pro.local" time="0.232">
  <properties/>
  <testcase name="context loads()" classname="com.wolt.dopc.DeliveryOrderPriceCalculatorApplicationTests" time="0.232"/>
  <system-out><![CDATA[15:14:03.016 [Test worker] INFO org.springframework.test.context.support.AnnotationConfigContextLoaderUtils -- Could not detect default configuration classes for test class [com.wolt.dopc.DeliveryOrderPriceCalculatorApplicationTests]: DeliveryOrderPriceCalculatorApplicationTests does not declare any static, non-private, non-final, nested classes annotated with @Configuration.
15:14:03.130 [Test worker] INFO org.springframework.boot.test.context.SpringBootTestContextBootstrapper -- Found @SpringBootConfiguration com.wolt.dopc.DeliveryOrderPriceCalculatorApplication for test class com.wolt.dopc.DeliveryOrderPriceCalculatorApplicationTests

  .   ____          _            __ _ _
 /\\ / ___'_ __ _ _(_)_ __  __ _ \ \ \ \
( ( )\___ | '_ | '_| | '_ \/ _` | \ \ \ \
 \\/  ___)| |_)| | | | | || (_| |  ) ) ) )
  '  |____| .__|_| |_|_| |_\__, | / / / /
 =========|_|==============|___/=/_/_/_/

 :: Spring Boot ::                (v3.4.1)

2025-01-16T15:14:03.529+01:00  INFO 20036 --- [DeliveryOrderPriceCalculator] [    Test worker] veryOrderPriceCalculatorApplicationTests : Starting DeliveryOrderPriceCalculatorApplicationTests using Java 17.0.3 with PID 20036 (started by resitberkaybozkurt in /Users/resitberkaybozkurt/Desktop/development/wolt-internship/backend-internship-2025/dopc)
2025-01-16T15:14:03.531+01:00  INFO 20036 --- [DeliveryOrderPriceCalculator] [    Test worker] veryOrderPriceCalculatorApplicationTests : No active profile set, falling back to 1 default profile: "default"
2025-01-16T15:14:04.449+01:00  INFO 20036 --- [DeliveryOrderPriceCalculator] [    Test worker] o.s.b.w.embedded.tomcat.TomcatWebServer  : Tomcat initialized with port 0 (http)
2025-01-16T15:14:04.463+01:00  INFO 20036 --- [DeliveryOrderPriceCalculator] [    Test worker] o.apache.catalina.core.StandardService   : Starting service [Tomcat]
2025-01-16T15:14:04.463+01:00  INFO 20036 --- [DeliveryOrderPriceCalculator] [    Test worker] o.apache.catalina.core.StandardEngine    : Starting Servlet engine: [Apache Tomcat/10.1.34]
2025-01-16T15:14:04.521+01:00  INFO 20036 --- [DeliveryOrderPriceCalculator] [    Test worker] o.a.c.c.C.[Tomcat].[localhost].[/]       : Initializing Spring embedded WebApplicationContext
2025-01-16T15:14:04.523+01:00  INFO 20036 --- [DeliveryOrderPriceCalculator] [    Test worker] w.s.c.ServletWebServerApplicationContext : Root WebApplicationContext: initialization completed in 972 ms
2025-01-16T15:14:04.902+01:00  INFO 20036 --- [DeliveryOrderPriceCalculator] [    Test worker] o.s.b.w.embedded.tomcat.TomcatWebServer  : Tomcat started on port 53437 (http) with context path '/'
2025-01-16T15:14:04.909+01:00  INFO 20036 --- [DeliveryOrderPriceCalculator] [    Test worker] veryOrderPriceCalculatorApplicationTests : Started DeliveryOrderPriceCalculatorApplicationTests in 1.646 seconds (process running for 5.947)
]]></system-out>
  <system-err><![CDATA[]]></system-err>
</testsuite>
