<?xml version="1.0" encoding="UTF-8"?>
<testsuite name="com.wolt.dopc.DeliveryOrderPriceCalculatorApplicationTests$ErrorScenarios" tests="7" skipped="0" failures="0" errors="0" timestamp="2025-01-16T14:14:06" hostname="Resits-MacBook-Pro.local" time="0.27">
  <properties/>
  <testcase name="should return bad request when user_lat exceeds bounds()" classname="com.wolt.dopc.DeliveryOrderPriceCalculatorApplicationTests$ErrorScenarios" time="0.035"/>
  <testcase name="should return bad request when user_lon exceeds bounds()" classname="com.wolt.dopc.DeliveryOrderPriceCalculatorApplicationTests$ErrorScenarios" time="0.013"/>
  <testcase name="should return bad gateway when external APIs unreachable()" classname="com.wolt.dopc.DeliveryOrderPriceCalculatorApplicationTests$ErrorScenarios" time="0.175"/>
  <testcase name="should return bad request when cart_value is negative()" classname="com.wolt.dopc.DeliveryOrderPriceCalculatorApplicationTests$ErrorScenarios" time="0.008"/>
  <testcase name="should return bad request when cart_value is zero()" classname="com.wolt.dopc.DeliveryOrderPriceCalculatorApplicationTests$ErrorScenarios" time="0.008"/>
  <testcase name="should return bad request when cart_value exceeded()" classname="com.wolt.dopc.DeliveryOrderPriceCalculatorApplicationTests$ErrorScenarios" time="0.013"/>
  <testcase name="should return bad request when missing venue_slug()" classname="com.wolt.dopc.DeliveryOrderPriceCalculatorApplicationTests$ErrorScenarios" time="0.012"/>
  <system-out><![CDATA[2025-01-16T15:14:06.956+01:00  INFO 20036 --- [DeliveryOrderPriceCalculator] [    Test worker] t.c.s.AnnotationConfigContextLoaderUtils : Could not detect default configuration classes for test class [com.wolt.dopc.DeliveryOrderPriceCalculatorApplicationTests$ErrorScenarios]: ErrorScenarios does not declare any static, non-private, non-final, nested classes annotated with @Configuration.
2025-01-16T15:14:06.958+01:00  INFO 20036 --- [DeliveryOrderPriceCalculator] [    Test worker] .b.t.c.SpringBootTestContextBootstrapper : Found @SpringBootConfiguration com.wolt.dopc.DeliveryOrderPriceCalculatorApplication for test class com.wolt.dopc.DeliveryOrderPriceCalculatorApplicationTests$ErrorScenarios
]]></system-out>
  <system-err><![CDATA[]]></system-err>
</testsuite>
