<?xml version="1.0" encoding="UTF-8"?>
<testsuite name="com.wolt.dopc.controller.DeliveryOrderPriceControllerTest$EdgeCaseTests" tests="3" skipped="0" failures="0" errors="0" timestamp="2025-01-16T14:14:08" hostname="Resits-MacBook-Pro.local" time="0.106">
  <properties/>
  <testcase name="should return bad request when user_lon is missing()" classname="com.wolt.dopc.controller.DeliveryOrderPriceControllerTest$EdgeCaseTests" time="0.076"/>
  <testcase name="should return bad request when cart_value is zero()" classname="com.wolt.dopc.controller.DeliveryOrderPriceControllerTest$EdgeCaseTests" time="0.019"/>
  <testcase name="should return bad request when user_lat is missing()" classname="com.wolt.dopc.controller.DeliveryOrderPriceControllerTest$EdgeCaseTests" time="0.008"/>
  <system-out><![CDATA[2025-01-16T15:14:07.803+01:00  INFO 20036 --- [DeliveryOrderPriceCalculator] [    Test worker] t.c.s.AnnotationConfigContextLoaderUtils : Could not detect default configuration classes for test class [com.wolt.dopc.controller.DeliveryOrderPriceControllerTest$EdgeCaseTests]: EdgeCaseTests does not declare any static, non-private, non-final, nested classes annotated with @Configuration.
2025-01-16T15:14:07.811+01:00  INFO 20036 --- [DeliveryOrderPriceCalculator] [    Test worker] .b.t.c.SpringBootTestContextBootstrapper : Found @SpringBootConfiguration com.wolt.dopc.DeliveryOrderPriceCalculatorApplication for test class com.wolt.dopc.controller.DeliveryOrderPriceControllerTest$EdgeCaseTests

  .   ____          _            __ _ _
 /\\ / ___'_ __ _ _(_)_ __  __ _ \ \ \ \
( ( )\___ | '_ | '_| | '_ \/ _` | \ \ \ \
 \\/  ___)| |_)| | | | | || (_| |  ) ) ) )
  '  |____| .__|_| |_|_| |_\__, | / / / /
 =========|_|==============|___/=/_/_/_/

 :: Spring Boot ::                (v3.4.1)

2025-01-16T15:14:07.847+01:00  INFO 20036 --- [DeliveryOrderPriceCalculator] [    Test worker] c.w.d.c.DeliveryOrderPriceControllerTest : Starting DeliveryOrderPriceControllerTest using Java 17.0.3 with PID 20036 (started by resitberkaybozkurt in /Users/resitberkaybozkurt/Desktop/development/wolt-internship/backend-internship-2025/dopc)
2025-01-16T15:14:07.847+01:00  INFO 20036 --- [DeliveryOrderPriceCalculator] [    Test worker] c.w.d.c.DeliveryOrderPriceControllerTest : The following 1 profile is active: "test"
2025-01-16T15:14:08.198+01:00  INFO 20036 --- [DeliveryOrderPriceCalculator] [    Test worker] o.s.b.t.m.w.SpringBootMockServletContext : Initializing Spring TestDispatcherServlet ''
2025-01-16T15:14:08.198+01:00  INFO 20036 --- [DeliveryOrderPriceCalculator] [    Test worker] o.s.t.web.servlet.TestDispatcherServlet  : Initializing Servlet ''
2025-01-16T15:14:08.199+01:00  INFO 20036 --- [DeliveryOrderPriceCalculator] [    Test worker] o.s.t.web.servlet.TestDispatcherServlet  : Completed initialization in 1 ms
2025-01-16T15:14:08.223+01:00  INFO 20036 --- [DeliveryOrderPriceCalculator] [    Test worker] c.w.d.c.DeliveryOrderPriceControllerTest : Started DeliveryOrderPriceControllerTest in 0.404 seconds (process running for 9.26)
]]></system-out>
  <system-err><![CDATA[]]></system-err>
</testsuite>
